Start to check applog.
Analysis log from : H:\WDP\Desktop\code\logging_enhancement\TRDB\untar_tmp\TC-CSTAB-0330_STAB-8H-EPC-AVG.json_20201011-110605
Time internal: 8 hours
Find app log : H:\WDP\Desktop\code\logging_enhancement\TRDB\untar_tmp\TC-CSTAB-0330_STAB-8H-EPC-AVG.json_20201011-110605\COLLECT\applog_TC-CSTAB-0330_STAB-8H-EPC-AVG.json_20201011-110605.tgz
Data from service ===>
LOG_INFO  ESM: Dynamically Updated Data Not Sent To Mme/S4-Sgsn Due To Roaming Service Restriction 301284
LOG_ERR  HSS receives error response from UDM 1043
LOG_ERR  HSS receives no response from UDM 158
LOG_ERR  ESM: Service could not be processed correctly 7
LOG_CRIT  ESM: System Load Regulation Limit Passed 405
LOG_INFO  ESM: Monitoring event could not be handled 22
LOG_CRIT  ESM: Could not send new request 219
LOG_CRIT  ISM: System Load Regulation Limit Passed 1
LOG_CRIT  SDA: System Load Regulation Limit Passed 37
Data from Authentication ===>
Not get Data from Authentication
Data from ExtDb ===>
LOG_ERR  Failure in database operation towards the back-end 8
Data from OAM ===>
LOG_ERR  HSS: System Load Regulation Limit Passed 27
LOG_ERR  HSS: Provision notification processing failed 1
Not search the logs.
Data from RADIUS ===>
Not get Data from RADIUS
Data from HTTP ===>
LOG_ERR  Request to Http peer discarded due to lack of resources 30839
LOG_ERR  No answer received from the Http peer 4622
LOG_ERR  Failure connecting to Http peer 39
LOG_WARNING  Connection closed detected towards the Http peer 70
LOG_ERR  HTTP: System Load Regulation Limit Passed 26
Not search the logs.
Data from MPV ===>
Not get Data from MPV
Data from vDicos ===>
Not get Data from vDicos
Not search the logs.
Data from DIAMETER ===>
Not get Data from DIAMETER
Data from CMF ===>
Not get Data from CMF
Not search the logs.
Data from other ===>
Not get Data from other
Start to check applog.
Analysis log from : H:\WDP\Desktop\code\logging_enhancement\TRDB\untar_tmp\TC-CSTAB-0330_STAB-8H-EPC-AVG.json_20201011-110605
Time internal: 8 hours
Find app log : H:\WDP\Desktop\code\logging_enhancement\TRDB\untar_tmp\TC-CSTAB-0330_STAB-8H-EPC-AVG.json_20201011-110605\COLLECT\applog_TC-CSTAB-0330_STAB-8H-EPC-AVG.json_20201011-110605.tgz
Data from service ===>
LOG_INFO  ESM: Dynamically Updated Data Not Sent To Mme/S4-Sgsn Due To Roaming Service Restriction 301284
LOG_ERR  HSS receives error response from UDM 1043
LOG_ERR  HSS receives no response from UDM 158
LOG_ERR  ESM: Service could not be processed correctly 7
LOG_CRIT  ESM: System Load Regulation Limit Passed 405
LOG_INFO  ESM: Monitoring event could not be handled 22
LOG_CRIT  ESM: Could not send new request 219
LOG_CRIT  ISM: System Load Regulation Limit Passed 1
LOG_CRIT  SDA: System Load Regulation Limit Passed 37
Data from Authentication ===>
Not get Data from Authentication
Data from ExtDb ===>
LOG_ERR  Failure in database operation towards the back-end 8
Data from OAM ===>
LOG_ERR  HSS: System Load Regulation Limit Passed 27
LOG_ERR  HSS: Provision notification processing failed 1
Not search the logs.
Data from RADIUS ===>
Not get Data from RADIUS
Data from HTTP ===>
LOG_ERR  Request to Http peer discarded due to lack of resources 30839
LOG_ERR  No answer received from the Http peer 4622
LOG_ERR  Failure connecting to Http peer 39
LOG_WARNING  Connection closed detected towards the Http peer 70
LOG_ERR  HTTP: System Load Regulation Limit Passed 26
Not search the logs.
Data from MPV ===>
Not get Data from MPV
Data from vDicos ===>
Not get Data from vDicos
Not search the logs.
Data from DIAMETER ===>
Not get Data from DIAMETER
Data from CMF ===>
Not get Data from CMF
Not search the logs.
Data from other ===>
Not get Data from other
Start to check applog.
Analysis log from : H:\WDP\Desktop\code\logging_enhancement\TRDB\untar_tmp\TC-CSTAB-0330_STAB-8H-EPC-AVG.json_20201011-110605
Time internal: 8 hours
Find app log : H:\WDP\Desktop\code\logging_enhancement\TRDB\untar_tmp\TC-CSTAB-0330_STAB-8H-EPC-AVG.json_20201011-110605\COLLECT\applog_TC-CSTAB-0330_STAB-8H-EPC-AVG.json_20201011-110605.tgz
Data from service ===>
LOG_INFO  ESM: Dynamically Updated Data Not Sent To Mme/S4-Sgsn Due To Roaming Service Restriction 301284
status old
LOG_ERR  HSS receives error response from UDM 1043
LOG_ERR  HSS receives no response from UDM 158
LOG_ERR  ESM: Service could not be processed correctly 7
LOG_CRIT  ESM: System Load Regulation Limit Passed 405
LOG_INFO  ESM: Monitoring event could not be handled 22
LOG_CRIT  ESM: Could not send new request 219
LOG_CRIT  ISM: System Load Regulation Limit Passed 1
LOG_CRIT  SDA: System Load Regulation Limit Passed 37
Data from Authentication ===>
Not get Data from Authentication
Data from ExtDb ===>
LOG_ERR  Failure in database operation towards the back-end 8
status new
Data from OAM ===>
LOG_ERR  HSS: System Load Regulation Limit Passed 27
status new
LOG_ERR  HSS: Provision notification processing failed 1
Not search the logs.
Data from RADIUS ===>
Not get Data from RADIUS
Data from HTTP ===>
LOG_ERR  Request to Http peer discarded due to lack of resources 30839
status old
LOG_ERR  No answer received from the Http peer 4622
LOG_ERR  Failure connecting to Http peer 39
LOG_WARNING  Connection closed detected towards the Http peer 70
LOG_ERR  HTTP: System Load Regulation Limit Passed 26
Not search the logs.
Data from MPV ===>
Not get Data from MPV
Data from vDicos ===>
Not get Data from vDicos
Not search the logs.
Data from DIAMETER ===>
Not get Data from DIAMETER
Data from CMF ===>
Not get Data from CMF
Not search the logs.
Data from other ===>
Not get Data from other
Start to check applog.
Analysis log from : H:\WDP\Desktop\code\logging_enhancement\TRDB\untar_tmp\TC-CSTAB-0330_STAB-8H-EPC-AVG.json_20201011-110605
Time internal: 8 hours
Find app log : H:\WDP\Desktop\code\logging_enhancement\TRDB\untar_tmp\TC-CSTAB-0330_STAB-8H-EPC-AVG.json_20201011-110605\COLLECT\applog_TC-CSTAB-0330_STAB-8H-EPC-AVG.json_20201011-110605.tgz
Start to check applog.
Analysis log from : H:\WDP\Desktop\code\logging_enhancement\TRDB\untar_tmp\TC-CSTAB-0330_STAB-8H-EPC-AVG.json_20201011-110605
Time internal: 8 hours
Find app log : H:\WDP\Desktop\code\logging_enhancement\TRDB\untar_tmp\TC-CSTAB-0330_STAB-8H-EPC-AVG.json_20201011-110605\COLLECT\applog_TC-CSTAB-0330_STAB-8H-EPC-AVG.json_20201011-110605.tgz
Start to check applog.
Analysis log from : H:\WDP\Desktop\code\logging_enhancement\TRDB\untar_tmp\TC-CSTAB-0330_STAB-8H-EPC-AVG.json_20201011-110605
Time internal: 8 hours
Find app log : H:\WDP\Desktop\code\logging_enhancement\TRDB\untar_tmp\TC-CSTAB-0330_STAB-8H-EPC-AVG.json_20201011-110605\COLLECT\applog_TC-CSTAB-0330_STAB-8H-EPC-AVG.json_20201011-110605.tgz
