$ python decision_making_tree.py on
debug flag: on
统特征总数: 3
数据总数： 8
统计情况: {"女": 5, "男": 3}
女[熵]: 0.625
男[熵]: 0.375
>>>>>>>>>>>>
特征列表: ["高", "高", "矮", "高", "矮", "高", "矮", "矮"]
特征列表去重: ["矮", "高"]
剩余特征数据 [["短", "粗", "男"], ["短", "细", "女"], ["长", "粗", "女"], ["长", "粗", "女"]]
数据总数： 4
统计情况: {"女": 3, "男": 1}
女[熵]: 0.75
男[熵]: 0.25
>>>>>>>>>>>>
剩余特征数据 [["长", "粗", "男"], ["短", "粗", "男"], ["长", "细", "女"], ["短", "粗", "女"]]
数据总数： 4
统计情况: {"女": 2, "男": 2}
女[熵]: 0.5
男[熵]: 0.5
>>>>>>>>>>>>
=======================================
特征列表: ["长", "短", "短", "长", "短", "短", "长", "长"]
特征列表去重: ["短", "长"]
剩余特征数据 [["高", "粗", "男"], ["矮", "粗", "男"], ["矮", "细", "女"], ["高", "粗", "女"]]
数据总数： 4
统计情况: {"女": 2, "男": 2}
女[熵]: 0.5
男[熵]: 0.5
>>>>>>>>>>>>
剩余特征数据 [["高", "粗", "男"], ["高", "细", "女"], ["矮", "粗", "女"], ["矮", "粗", "女"]]
数据总数： 4
统计情况: {"女": 3, "男": 1}
女[熵]: 0.75
男[熵]: 0.25
>>>>>>>>>>>>
=======================================
特征列表: ["粗", "粗", "粗", "细", "细", "粗", "粗", "粗"]
特征列表去重: ["粗", "细"]
剩余特征数据 [["高", "长", "男"], ["高", "短", "男"], ["矮", "短", "男"], ["高", "短", "女"], ["矮", "长", "女"], ["矮", "长", "女"]]
数据总数： 6
统计情况: {"女": 3, "男": 3}
女[熵]: 0.5
男[熵]: 0.5
>>>>>>>>>>>>
剩余特征数据 [["高", "长", "女"], ["矮", "短", "女"]]
数据总数： 2
统计情况: {"女": 2}
女[熵]: 1.0
>>>>>>>>>>>>
=======================================
mytree: {"声音": {}}
uniqueVals: ["粗", "细"]
统特征总数: 2
数据总数： 6
统计情况: {"女": 3, "男": 3}
女[熵]: 0.5
男[熵]: 0.5
>>>>>>>>>>>>
特征列表: ["高", "高", "矮", "高", "矮", "矮"]
特征列表去重: ["矮", "高"]
剩余特征数据 [["短", "男"], ["长", "女"], ["长", "女"]]
数据总数： 3
统计情况: {"女": 2, "男": 1}
女[熵]: 0.666666666667
男[熵]: 0.333333333333
>>>>>>>>>>>>
剩余特征数据 [["长", "男"], ["短", "男"], ["短", "女"]]
数据总数： 3
统计情况: {"女": 1, "男": 2}
女[熵]: 0.333333333333
男[熵]: 0.666666666667
>>>>>>>>>>>>
=======================================
特征列表: ["长", "短", "短", "短", "长", "长"]
特征列表去重: ["短", "长"]
剩余特征数据 [["高", "男"], ["矮", "男"], ["高", "女"]]
数据总数： 3
统计情况: {"女": 1, "男": 2}
女[熵]: 0.333333333333
男[熵]: 0.666666666667
>>>>>>>>>>>>
剩余特征数据 [["高", "男"], ["矮", "女"], ["矮", "女"]]
数据总数： 3
统计情况: {"女": 2, "男": 1}
女[熵]: 0.666666666667
男[熵]: 0.333333333333
>>>>>>>>>>>>
=======================================
mytree: {"身高": {}}
uniqueVals: ["矮", "高"]
统特征总数: 1
数据总数： 3
统计情况: {"女": 2, "男": 1}
女[熵]: 0.666666666667
男[熵]: 0.333333333333
>>>>>>>>>>>>
特征列表: ["短", "长", "长"]
特征列表去重: ["短", "长"]
剩余特征数据 [["男"]]
数据总数： 1
统计情况: {"男": 1}
男[熵]: 1.0
>>>>>>>>>>>>
剩余特征数据 [["女"], ["女"]]
数据总数： 2
统计情况: {"女": 2}
女[熵]: 1.0
>>>>>>>>>>>>
=======================================
mytree: {"头发": {}}
uniqueVals: ["短", "长"]
统特征总数: 1
数据总数： 3
统计情况: {"女": 1, "男": 2}
女[熵]: 0.333333333333
男[熵]: 0.666666666667
>>>>>>>>>>>>
特征列表: ["长", "短", "短"]
特征列表去重: ["短", "长"]
剩余特征数据 [["男"], ["女"]]
数据总数： 2
统计情况: {"女": 1, "男": 1}
女[熵]: 0.5
男[熵]: 0.5
>>>>>>>>>>>>
剩余特征数据 [["男"]]
数据总数： 1
统计情况: {"男": 1}
男[熵]: 1.0
>>>>>>>>>>>>
=======================================
mytree: {"头发": {}}
uniqueVals: ["短", "长"]
决策树：
{"声音": {"粗": {"身高": {"矮": {"头发": {"短": "男", "长": "女"}}, "高": {"头发": {"短": "女", "长": "男"}}}}, "细": "女"}}